<?xml version="1.0" encoding="UTF-8"?>
<testsuite name="io.paketo.demo.service.NoSQLServicesTest" tests="3" skipped="0" failures="0" errors="0" timestamp="2023-06-30T20:36:31" hostname="VAIO_FRANCOGARC" time="4.155">
  <properties/>
  <testcase name="item_SeAsignaCorrectamenteAUnJugador()" classname="io.paketo.demo.service.NoSQLServicesTest" time="3.159"/>
  <testcase name="player_SeAñadenCorrectamenteComoAmigos()" classname="io.paketo.demo.service.NoSQLServicesTest" time="0.649"/>
  <testcase name="item_SePersisteCorrectamenteUnItem()" classname="io.paketo.demo.service.NoSQLServicesTest" time="0.347"/>
  <system-out><![CDATA[2023-06-30 17:36:31.254  INFO 14428 --- [    Test worker] .b.t.c.SpringBootTestContextBootstrapper : Neither @ContextConfiguration nor @ContextHierarchy found for test class [io.paketo.demo.service.NoSQLServicesTest], using SpringBootContextLoader
2023-06-30 17:36:31.255  INFO 14428 --- [    Test worker] o.s.t.c.support.AbstractContextLoader    : Could not detect default resource locations for test class [io.paketo.demo.service.NoSQLServicesTest]: no resource found for suffixes {-context.xml, Context.groovy}.
2023-06-30 17:36:31.256  INFO 14428 --- [    Test worker] t.c.s.AnnotationConfigContextLoaderUtils : Could not detect default configuration classes for test class [io.paketo.demo.service.NoSQLServicesTest]: NoSQLServicesTest does not declare any static, non-private, non-final, nested classes annotated with @Configuration.
2023-06-30 17:36:31.273  INFO 14428 --- [    Test worker] .b.t.c.SpringBootTestContextBootstrapper : Found @SpringBootConfiguration io.paketo.demo.DemoApplication for test class io.paketo.demo.service.NoSQLServicesTest
2023-06-30 17:36:31.277  INFO 14428 --- [    Test worker] .b.t.c.SpringBootTestContextBootstrapper : Loaded default TestExecutionListener class names from location [META-INF/spring.factories]: [org.springframework.boot.test.autoconfigure.restdocs.RestDocsTestExecutionListener, org.springframework.boot.test.autoconfigure.web.client.MockRestServiceServerResetTestExecutionListener, org.springframework.boot.test.autoconfigure.web.servlet.MockMvcPrintOnlyOnFailureTestExecutionListener, org.springframework.boot.test.autoconfigure.web.servlet.WebDriverTestExecutionListener, org.springframework.boot.test.autoconfigure.webservices.client.MockWebServiceServerTestExecutionListener, org.springframework.boot.test.mock.mockito.MockitoTestExecutionListener, org.springframework.boot.test.mock.mockito.ResetMocksTestExecutionListener, org.springframework.test.context.web.ServletTestExecutionListener, org.springframework.test.context.support.DirtiesContextBeforeModesTestExecutionListener, org.springframework.test.context.event.ApplicationEventsTestExecutionListener, org.springframework.test.context.support.DependencyInjectionTestExecutionListener, org.springframework.test.context.support.DirtiesContextTestExecutionListener, org.springframework.test.context.transaction.TransactionalTestExecutionListener, org.springframework.test.context.jdbc.SqlScriptsTestExecutionListener, org.springframework.test.context.event.EventPublishingTestExecutionListener]
2023-06-30 17:36:31.278  INFO 14428 --- [    Test worker] .b.t.c.SpringBootTestContextBootstrapper : Using TestExecutionListeners: [org.springframework.test.context.web.ServletTestExecutionListener@568160d1, org.springframework.test.context.support.DirtiesContextBeforeModesTestExecutionListener@4727d725, org.springframework.test.context.event.ApplicationEventsTestExecutionListener@7df5531, org.springframework.boot.test.mock.mockito.MockitoTestExecutionListener@459f8760, org.springframework.boot.test.autoconfigure.SpringBootDependencyInjectionTestExecutionListener@1845f0ea, org.springframework.test.context.support.DirtiesContextTestExecutionListener@61a28238, org.springframework.test.context.transaction.TransactionalTestExecutionListener@1ca935e0, org.springframework.test.context.jdbc.SqlScriptsTestExecutionListener@25340592, org.springframework.test.context.event.EventPublishingTestExecutionListener@1241737e, org.springframework.boot.test.autoconfigure.restdocs.RestDocsTestExecutionListener@6707804c, org.springframework.boot.test.autoconfigure.web.client.MockRestServiceServerResetTestExecutionListener@32d4af79, org.springframework.boot.test.autoconfigure.web.servlet.MockMvcPrintOnlyOnFailureTestExecutionListener@37c92424, org.springframework.boot.test.autoconfigure.web.servlet.WebDriverTestExecutionListener@2e0a7b20, org.springframework.boot.test.autoconfigure.webservices.client.MockWebServiceServerTestExecutionListener@75d49b4d, org.springframework.boot.test.mock.mockito.ResetMocksTestExecutionListener@62ec4de9]
2023-06-30 17:36:33.256 DEBUG 14428 --- [    Test worker] o.s.data.mongodb.core.MongoTemplate      : Inserting Document containing fields: [name, damage, relatedClass, ownerName, _class] in collection: item
2023-06-30 17:36:33.305  INFO 14428 --- [    Test worker] org.mongodb.driver.connection            : Opened connection [connectionId{localValue:3, serverValue:52}] to localhost:27017
2023-06-30 17:36:33.384 DEBUG 14428 --- [    Test worker] o.s.data.mongodb.core.MongoTemplate      : Executing count: { "name" : "Contrato Virtuoso"} in collection: item
2023-06-30 17:36:33.447 DEBUG 14428 --- [    Test worker] o.s.data.mongodb.core.MongoTemplate      : find using query: { "name" : "Contrato Virtuoso"} fields: Document{{}} for class: class io.paketo.demo.model.Item in collection: item
2023-06-30 17:36:34.015 DEBUG 14428 --- [    Test worker] o.s.data.mongodb.core.MongoTemplate      : Remove using query: {} in collection: item.
2023-06-30 17:36:34.043  INFO 14428 --- [    Test worker] tionInformation$PropertyDescriptorSource : Couldn't read class metadata for void. Input property calculation might fail!
2023-06-30 17:36:34.537  INFO 14428 --- [    Test worker] tionInformation$PropertyDescriptorSource : Couldn't read class metadata for boolean. Input property calculation might fail!
2023-06-30 17:36:34.692  WARN 14428 --- [    Test worker] org.springframework.data.neo4j.cypher    : Neo.ClientNotification.Statement.CartesianProductWarning: This query builds a cartesian product between disconnected patterns.
	
	        MATCH (p1 { username: $playerUsername }),
	^
	              (p2 { username: $newFriendUsername })
	        CREATE (p1)-[:Friend]->(p2),
	               (p2)-[:Friend]->(p1)
	    
If a part of a query contains multiple disconnected patterns, this will build a cartesian product between all those parts. This may produce a large amount of data and slow down query processing. While occasionally intended, it may often be possible to reformulate the query that avoids the use of this cross product, perhaps by adding a relationship between the different parts or by using OPTIONAL MATCH (identifier is: (p2))
2023-06-30 17:36:35.062 DEBUG 14428 --- [    Test worker] o.s.data.mongodb.core.MongoTemplate      : Remove using query: {} in collection: item.
2023-06-30 17:36:35.097 DEBUG 14428 --- [    Test worker] o.s.data.mongodb.core.MongoTemplate      : Inserting Document containing fields: [name, damage, relatedClass, ownerName, _class] in collection: item
2023-06-30 17:36:35.104 DEBUG 14428 --- [    Test worker] o.s.data.mongodb.core.MongoTemplate      : Executing count: { "name" : "Contrato Virtuoso"} in collection: item
2023-06-30 17:36:35.111 DEBUG 14428 --- [    Test worker] o.s.data.mongodb.core.MongoTemplate      : find using query: { "name" : "Contrato Virtuoso"} fields: Document{{}} for class: class io.paketo.demo.model.Item in collection: item
2023-06-30 17:36:35.424 DEBUG 14428 --- [    Test worker] o.s.data.mongodb.core.MongoTemplate      : Remove using query: {} in collection: item.
]]></system-out>
  <system-err><![CDATA[]]></system-err>
</testsuite>
