<?xml version="1.0" encoding="UTF-8"?>
<testsuite name="io.paketo.demo.model.ModelTest" tests="5" skipped="0" failures="0" errors="0" timestamp="2023-06-30T20:36:31" hostname="VAIO_FRANCOGARC" time="0.06">
  <properties/>
  <testcase name="guild_NoRegistraDuplicados()" classname="io.paketo.demo.model.ModelTest" time="0.016"/>
  <testcase name="guild_NoSePermitenNombresEnBlanco()" classname="io.paketo.demo.model.ModelTest" time="0.016"/>
  <testcase name="player_NoSePermitenNombresEnBlanco()" classname="io.paketo.demo.model.ModelTest" time="0.008"/>
  <testcase name="guild_RegistraCorrectamenteLaCantidadDeJugadores()" classname="io.paketo.demo.model.ModelTest" time="0.008"/>
  <testcase name="item_DañoNoValido()" classname="io.paketo.demo.model.ModelTest" time="0.009"/>
  <system-out><![CDATA[2023-06-30 17:36:31.110  INFO 14428 --- [    Test worker] .b.t.c.SpringBootTestContextBootstrapper : Neither @ContextConfiguration nor @ContextHierarchy found for test class [io.paketo.demo.model.ModelTest], using SpringBootContextLoader
2023-06-30 17:36:31.112  INFO 14428 --- [    Test worker] o.s.t.c.support.AbstractContextLoader    : Could not detect default resource locations for test class [io.paketo.demo.model.ModelTest]: no resource found for suffixes {-context.xml, Context.groovy}.
2023-06-30 17:36:31.113  INFO 14428 --- [    Test worker] t.c.s.AnnotationConfigContextLoaderUtils : Could not detect default configuration classes for test class [io.paketo.demo.model.ModelTest]: ModelTest does not declare any static, non-private, non-final, nested classes annotated with @Configuration.
2023-06-30 17:36:31.177  INFO 14428 --- [    Test worker] .b.t.c.SpringBootTestContextBootstrapper : Found @SpringBootConfiguration io.paketo.demo.DemoApplication for test class io.paketo.demo.model.ModelTest
2023-06-30 17:36:31.180  INFO 14428 --- [    Test worker] .b.t.c.SpringBootTestContextBootstrapper : Loaded default TestExecutionListener class names from location [META-INF/spring.factories]: [org.springframework.boot.test.autoconfigure.restdocs.RestDocsTestExecutionListener, org.springframework.boot.test.autoconfigure.web.client.MockRestServiceServerResetTestExecutionListener, org.springframework.boot.test.autoconfigure.web.servlet.MockMvcPrintOnlyOnFailureTestExecutionListener, org.springframework.boot.test.autoconfigure.web.servlet.WebDriverTestExecutionListener, org.springframework.boot.test.autoconfigure.webservices.client.MockWebServiceServerTestExecutionListener, org.springframework.boot.test.mock.mockito.MockitoTestExecutionListener, org.springframework.boot.test.mock.mockito.ResetMocksTestExecutionListener, org.springframework.test.context.web.ServletTestExecutionListener, org.springframework.test.context.support.DirtiesContextBeforeModesTestExecutionListener, org.springframework.test.context.event.ApplicationEventsTestExecutionListener, org.springframework.test.context.support.DependencyInjectionTestExecutionListener, org.springframework.test.context.support.DirtiesContextTestExecutionListener, org.springframework.test.context.transaction.TransactionalTestExecutionListener, org.springframework.test.context.jdbc.SqlScriptsTestExecutionListener, org.springframework.test.context.event.EventPublishingTestExecutionListener]
2023-06-30 17:36:31.181  INFO 14428 --- [    Test worker] .b.t.c.SpringBootTestContextBootstrapper : Using TestExecutionListeners: [org.springframework.test.context.web.ServletTestExecutionListener@5379045f, org.springframework.test.context.support.DirtiesContextBeforeModesTestExecutionListener@707c876f, org.springframework.test.context.event.ApplicationEventsTestExecutionListener@52adeade, org.springframework.boot.test.mock.mockito.MockitoTestExecutionListener@1e76255c, org.springframework.boot.test.autoconfigure.SpringBootDependencyInjectionTestExecutionListener@5369131, org.springframework.test.context.support.DirtiesContextTestExecutionListener@11653907, org.springframework.test.context.transaction.TransactionalTestExecutionListener@2ca3caef, org.springframework.test.context.jdbc.SqlScriptsTestExecutionListener@3d046e2, org.springframework.test.context.event.EventPublishingTestExecutionListener@325ef0b0, org.springframework.boot.test.autoconfigure.restdocs.RestDocsTestExecutionListener@a4b4afd, org.springframework.boot.test.autoconfigure.web.client.MockRestServiceServerResetTestExecutionListener@380d0de9, org.springframework.boot.test.autoconfigure.web.servlet.MockMvcPrintOnlyOnFailureTestExecutionListener@39ebab5c, org.springframework.boot.test.autoconfigure.web.servlet.WebDriverTestExecutionListener@7c7517a1, org.springframework.boot.test.autoconfigure.webservices.client.MockWebServiceServerTestExecutionListener@2c39b670, org.springframework.boot.test.mock.mockito.ResetMocksTestExecutionListener@7c8b845b]
You can not create a Guild with a blank name
You can not create a Player with a blank name
]]></system-out>
  <system-err><![CDATA[]]></system-err>
</testsuite>
